<?xml version="1.0" encoding="UTF-8"?>
<!-- Generated by org.testng.reporters.JUnitXMLReporter -->
<testsuite hostname="SEIODC762" ignored="0" name="Surefire test" tests="2" failures="0" timestamp="2020-07-25T16:37:54 IST" time="0.041" errors="0">
  <testcase name="@BeforeTest setup" time="-1.595675274429E9" classname="com.FlipkartDemo.config.BaseTest">
    <failure type="org.testng.TestNGException" message="
Parameter &amp;apos;TC_NAME&amp;apos; is required by BeforeTest on method setup but has not been marked @Optional or defined
">
      <![CDATA[org.testng.TestNGException: 
Parameter 'TC_NAME' is required by BeforeTest on method setup but has not been marked @Optional or defined

... Removed 25 stack frames]]>
    </failure>
  </testcase> <!-- @BeforeTest setup -->
  <testcase name="@BeforeMethod methodLevelSetup" time="-1.595675274462E9" classname="com.FlipkartDemo.config.BaseTest">
    <skipped/>
  </testcase> <!-- @BeforeMethod methodLevelSetup -->
  <testcase name="@AfterMethod methodLevelTearDown" time="-1.595675274465E9" classname="com.FlipkartDemo.config.BaseTest">
    <skipped/>
  </testcase> <!-- @AfterMethod methodLevelTearDown -->
  <testcase name="@BeforeMethod methodLevelSetup" time="-1.595675274466E9" classname="com.FlipkartDemo.config.BaseTest">
    <skipped/>
  </testcase> <!-- @BeforeMethod methodLevelSetup -->
  <testcase name="@AfterMethod methodLevelTearDown" time="-1.595675274467E9" classname="com.FlipkartDemo.config.BaseTest">
    <skipped/>
  </testcase> <!-- @AfterMethod methodLevelTearDown -->
  <testcase name="@AfterClass classLevelTearDown" time="-1.595675274467E9" classname="com.FlipkartDemo.config.BaseTest">
    <skipped/>
  </testcase> <!-- @AfterClass classLevelTearDown -->
  <testcase name="Step01_NavigeteToURL" time="0.0" classname="com.Flipkart.Test.EndtoEndTest">
    <skipped/>
  </testcase> <!-- Step01_NavigeteToURL -->
  <testcase name="Step02_ClickonLoginMenu" time="0.0" classname="com.Flipkart.Test.EndtoEndTest">
    <skipped/>
  </testcase> <!-- Step02_ClickonLoginMenu -->
</testsuite> <!-- Surefire test -->
