<?xml version="1.0" encoding="UTF-8"?>
<!-- Generated by org.testng.reporters.JUnitXMLReporter -->
<testsuite hostname="SEIODC762" ignored="0" name="Command line test" tests="2" failures="0" timestamp="2020-07-25T15:49:34 IST" time="0.07" errors="0">
  <testcase name="@BeforeTest setup" time="-1.595672374741E9" classname="com.FlipkartDemo.config.BaseTest">
    <failure type="org.testng.TestNGException" message="
Parameter &amp;apos;TC_NAME&amp;apos; is required by BeforeTest on method setup but has not been marked @Optional or defined
">
      <![CDATA[org.testng.TestNGException: 
Parameter 'TC_NAME' is required by BeforeTest on method setup but has not been marked @Optional or defined

... Removed 30 stack frames]]>
    </failure>
  </testcase> <!-- @BeforeTest setup -->
  <testcase name="@BeforeMethod methodLevelSetup" time="-1.595672374791E9" classname="com.FlipkartDemo.config.BaseTest">
    <skipped/>
  </testcase> <!-- @BeforeMethod methodLevelSetup -->
  <testcase name="@AfterMethod methodLevelTearDown" time="-1.595672374797E9" classname="com.FlipkartDemo.config.BaseTest">
    <skipped/>
  </testcase> <!-- @AfterMethod methodLevelTearDown -->
  <testcase name="@BeforeMethod methodLevelSetup" time="-1.5956723748E9" classname="com.FlipkartDemo.config.BaseTest">
    <skipped/>
  </testcase> <!-- @BeforeMethod methodLevelSetup -->
  <testcase name="@AfterMethod methodLevelTearDown" time="-1.5956723748E9" classname="com.FlipkartDemo.config.BaseTest">
    <skipped/>
  </testcase> <!-- @AfterMethod methodLevelTearDown -->
  <testcase name="@AfterClass classLevelTearDown" time="-1.595672374801E9" classname="com.FlipkartDemo.config.BaseTest">
    <skipped/>
  </testcase> <!-- @AfterClass classLevelTearDown -->
  <testcase name="Step01_NavigeteToURL" time="0.0" classname="com.Flipkart.Test.EndtoEndTest">
    <skipped/>
  </testcase> <!-- Step01_NavigeteToURL -->
  <testcase name="Step02_ClickonLoginMenu" time="0.0" classname="com.Flipkart.Test.EndtoEndTest">
    <skipped/>
  </testcase> <!-- Step02_ClickonLoginMenu -->
</testsuite> <!-- Command line test -->
